app/build/intermediates/manifest_merge_blame_file/debug/manifest-merger-blame-debug-report.txt
1<?xml version="1.0" encoding="utf-8"?>
2<manifest xmlns:android="http://schemas.android.com/apk/res/android"
3    package="com.example.orangefintech"
4    android:versionCode="1"
5    android:versionName="1.0" >
6
7    <uses-sdk
8        android:minSdkVersion="26"
8-->src/main/AndroidManifest.xml
9        android:targetSdkVersion="32" />
9-->src/main/AndroidManifest.xml
10
11    <application
11-->src/main/AndroidManifest.xml:6:5-39:19
12        android:allowBackup="true"
12-->src/main/AndroidManifest.xml:7:9-35
13        android:appComponentFactory="androidx.core.app.CoreComponentFactory"
13-->[androidx.core:core:1.8.0] AndroidManifest.xml:24:18-86
14        android:dataExtractionRules="@xml/data_extraction_rules"
14-->src/main/AndroidManifest.xml:8:9-65
15        android:debuggable="true"
16        android:extractNativeLibs="false"
17        android:fullBackupContent="@xml/backup_rules"
17-->src/main/AndroidManifest.xml:9:9-54
18        android:icon="@mipmap/ic_launcher_orange"
18-->src/main/AndroidManifest.xml:10:9-50
19        android:label="@string/app_name"
19-->src/main/AndroidManifest.xml:11:9-41
20        android:roundIcon="@mipmap/ic_launcher_orange_round"
20-->src/main/AndroidManifest.xml:12:9-61
21        android:supportsRtl="true"
21-->src/main/AndroidManifest.xml:13:9-35
22        android:testOnly="true"
23        android:theme="@style/Theme.OrangeFintech" >
23-->src/main/AndroidManifest.xml:14:9-51
24        <activity
24-->src/main/AndroidManifest.xml:16:9-22:20
25            android:name="com.example.orangefintech.ui.PantallaPrincipalActivity"
25-->src/main/AndroidManifest.xml:17:13-57
26            android:exported="false" >
26-->src/main/AndroidManifest.xml:18:13-37
27            <meta-data
27-->src/main/AndroidManifest.xml:19:13-21:36
28                android:name="android.app.lib_name"
28-->src/main/AndroidManifest.xml:20:17-52
29                android:value="" />
29-->src/main/AndroidManifest.xml:21:17-33
30        </activity>
31        <activity
31-->src/main/AndroidManifest.xml:23:9-29:20
32            android:name="com.example.orangefintech.ui.CrearUsuarioActivity"
32-->src/main/AndroidManifest.xml:24:13-52
33            android:exported="false" >
33-->src/main/AndroidManifest.xml:25:13-37
34            <meta-data
34-->src/main/AndroidManifest.xml:19:13-21:36
35                android:name="android.app.lib_name"
35-->src/main/AndroidManifest.xml:20:17-52
36                android:value="" />
36-->src/main/AndroidManifest.xml:21:17-33
37        </activity>
38        <activity
38-->src/main/AndroidManifest.xml:30:9-38:20
39            android:name="com.example.orangefintech.ui.MainActivity"
39-->src/main/AndroidManifest.xml:31:13-44
40            android:exported="true" >
40-->src/main/AndroidManifest.xml:32:13-36
41            <intent-filter>
41-->src/main/AndroidManifest.xml:33:13-37:29
42                <action android:name="android.intent.action.MAIN" />
42-->src/main/AndroidManifest.xml:34:17-69
42-->src/main/AndroidManifest.xml:34:25-66
43
44                <category android:name="android.intent.category.LAUNCHER" />
44-->src/main/AndroidManifest.xml:36:17-77
44-->src/main/AndroidManifest.xml:36:27-74
45            </intent-filter>
46        </activity>
47
48        <uses-library
48-->[androidx.window:window:1.0.0] AndroidManifest.xml:25:9-27:40
49            android:name="androidx.window.extensions"
49-->[androidx.window:window:1.0.0] AndroidManifest.xml:26:13-54
50            android:required="false" />
50-->[androidx.window:window:1.0.0] AndroidManifest.xml:27:13-37
51        <uses-library
51-->[androidx.window:window:1.0.0] AndroidManifest.xml:28:9-30:40
52            android:name="androidx.window.sidecar"
52-->[androidx.window:window:1.0.0] AndroidManifest.xml:29:13-51
53            android:required="false" />
53-->[androidx.window:window:1.0.0] AndroidManifest.xml:30:13-37
54
55        <provider
55-->[androidx.emoji2:emoji2:1.2.0] AndroidManifest.xml:24:9-32:20
56            android:name="androidx.startup.InitializationProvider"
56-->[androidx.emoji2:emoji2:1.2.0] AndroidManifest.xml:25:13-67
57            android:authorities="com.example.orangefintech.androidx-startup"
57-->[androidx.emoji2:emoji2:1.2.0] AndroidManifest.xml:26:13-68
58            android:exported="false" >
58-->[androidx.emoji2:emoji2:1.2.0] AndroidManifest.xml:27:13-37
59            <meta-data
59-->[androidx.emoji2:emoji2:1.2.0] AndroidManifest.xml:29:13-31:52
60                android:name="androidx.emoji2.text.EmojiCompatInitializer"
60-->[androidx.emoji2:emoji2:1.2.0] AndroidManifest.xml:30:17-75
61                android:value="androidx.startup" />
61-->[androidx.emoji2:emoji2:1.2.0] AndroidManifest.xml:31:17-49
62            <meta-data
62-->[androidx.lifecycle:lifecycle-process:2.4.1] AndroidManifest.xml:31:13-33:52
63                android:name="androidx.lifecycle.ProcessLifecycleInitializer"
63-->[androidx.lifecycle:lifecycle-process:2.4.1] AndroidManifest.xml:32:17-78
64                android:value="androidx.startup" />
64-->[androidx.lifecycle:lifecycle-process:2.4.1] AndroidManifest.xml:33:17-49
65        </provider>
66    </application>
67
68</manifest>